2025-11-25 00:51:54.118822 INFO::Writing function arguments to log file
2025-11-25 00:51:54.141536 DEBUG::Function arguments
2025-11-25 00:51:54.145436 DEBUG::Output folder: differential_abundance_prev5_imputed/Maaslin2
2025-11-25 00:51:54.149714 DEBUG::Min Abundance: 0.000000
2025-11-25 00:51:54.153726 DEBUG::Min Prevalence: 0.000000
2025-11-25 00:51:54.158692 DEBUG::Normalization: TSS
2025-11-25 00:51:54.163963 DEBUG::Transform: LOG
2025-11-25 00:51:54.168744 DEBUG::Analysis method: LM
2025-11-25 00:51:54.173664 DEBUG::Max significance: 1.000000
2025-11-25 00:51:54.178063 DEBUG::Random effects: Patient_ID
2025-11-25 00:51:54.182639 DEBUG::Fixed effects: Group
2025-11-25 00:51:54.186493 DEBUG::Correction method: BH
2025-11-25 00:51:54.190355 DEBUG::Standardize: TRUE
2025-11-25 00:51:54.194236 DEBUG::Cores: 1
2025-11-25 00:51:54.198612 INFO::Verifying options selected are valid
2025-11-25 00:51:54.240512 INFO::Determining format of input files
2025-11-25 00:51:54.245999 INFO::Input format is data samples as columns and metadata samples as rows
2025-11-25 00:51:54.25448 DEBUG::Transformed data so samples are rows
2025-11-25 00:51:54.258962 DEBUG::A total of 456 samples were found in both the data and metadata
2025-11-25 00:51:54.263602 DEBUG::Reordering data/metadata to use same sample ordering
2025-11-25 00:51:54.269236 INFO::Formula for random effects: expr ~ (1 | Patient_ID)
2025-11-25 00:51:54.274468 INFO::Formula for fixed effects: expr ~  Group
2025-11-25 00:51:54.280015 INFO::Factor detected for categorial metadata 'Group'. Provide a reference argument or manually set factor ordering to change reference level.
2025-11-25 00:51:54.284897 INFO::Filter data based on min abundance and min prevalence
2025-11-25 00:51:54.289451 INFO::Total samples in data: 456
2025-11-25 00:51:54.294921 INFO::Min samples required with min abundance for a feature not to be filtered: 0.000000
2025-11-25 00:51:54.302694 INFO::Total filtered features: 0
2025-11-25 00:51:54.307418 INFO::Filtered feature names from abundance and prevalence filtering:
2025-11-25 00:51:54.317397 INFO::Total filtered features with variance filtering: 0
2025-11-25 00:51:54.322459 INFO::Filtered feature names from variance filtering:
2025-11-25 00:51:54.327789 INFO::Running selected normalization method: TSS
2025-11-25 00:51:54.385882 INFO::Applying z-score to standardize continuous metadata
2025-11-25 00:51:54.395487 INFO::Running selected transform method: LOG
2025-11-25 00:51:54.405841 INFO::Running selected analysis method: LM
2025-11-25 00:51:54.416534 INFO::Fitting model to feature number 1, X5.7N15
2025-11-25 00:51:54.467548 INFO::Fitting model to feature number 2, A17
2025-11-25 00:51:54.508078 INFO::Fitting model to feature number 3, Abiotrophia
2025-11-25 00:51:54.571466 INFO::Fitting model to feature number 4, Acetivibrio
2025-11-25 00:51:54.619847 INFO::Fitting model to feature number 5, Acetobacter
2025-11-25 00:51:54.659837 INFO::Fitting model to feature number 6, Acetobacterium
2025-11-25 00:51:54.700832 INFO::Fitting model to feature number 7, Achromobacter
2025-11-25 00:51:54.739124 INFO::Fitting model to feature number 8, Acidaminococcus
2025-11-25 00:51:54.780054 INFO::Fitting model to feature number 9, Acidovorax
2025-11-25 00:51:54.818633 INFO::Fitting model to feature number 10, Acinetobacter
2025-11-25 00:51:54.860785 INFO::Fitting model to feature number 11, Actinobacillus
2025-11-25 00:51:54.903245 INFO::Fitting model to feature number 12, Actinobaculum
2025-11-25 00:51:54.951677 INFO::Fitting model to feature number 13, Actinomadura
2025-11-25 00:51:54.99108 INFO::Fitting model to feature number 14, Actinomyces
2025-11-25 00:51:55.058968 INFO::Fitting model to feature number 15, Actinomycetospora
2025-11-25 00:51:55.136766 INFO::Fitting model to feature number 16, Actinoplanes
2025-11-25 00:51:55.178617 INFO::Fitting model to feature number 17, Actinopolymorpha
2025-11-25 00:51:55.215543 INFO::Fitting model to feature number 18, Adhaeribacter
2025-11-25 00:51:55.256211 INFO::Fitting model to feature number 19, Aequorivita
2025-11-25 00:51:55.315472 INFO::Fitting model to feature number 20, Aeribacillus
2025-11-25 00:51:55.356091 INFO::Fitting model to feature number 21, Aerococcus
2025-11-25 00:51:55.398653 INFO::Fitting model to feature number 22, Aeromicrobium
2025-11-25 00:51:55.438069 INFO::Fitting model to feature number 23, Aeromonas
2025-11-25 00:51:55.479502 INFO::Fitting model to feature number 24, Afifella
2025-11-25 00:51:55.518206 INFO::Fitting model to feature number 25, Afipia
2025-11-25 00:51:55.557688 INFO::Fitting model to feature number 26, Aggregatibacter
2025-11-25 00:51:55.599289 INFO::Fitting model to feature number 27, Agrobacterium
2025-11-25 00:51:55.637415 INFO::Fitting model to feature number 28, Agrococcus
2025-11-25 00:51:55.675179 INFO::Fitting model to feature number 29, Agromyces
2025-11-25 00:51:55.724908 INFO::Fitting model to feature number 30, Akkermansia
2025-11-25 00:51:55.786225 INFO::Fitting model to feature number 31, Alcaligenes
2025-11-25 00:51:55.825789 INFO::Fitting model to feature number 32, Alcanivorax
2025-11-25 00:51:55.865219 INFO::Fitting model to feature number 33, Algoriphagus
2025-11-25 00:51:55.90739 INFO::Fitting model to feature number 34, Alicyclobacillus
2025-11-25 00:51:55.946847 INFO::Fitting model to feature number 35, Aliidiomarina
2025-11-25 00:51:55.982556 INFO::Fitting model to feature number 36, Alishewanella
2025-11-25 00:51:56.064983 INFO::Fitting model to feature number 37, Alistipes
2025-11-25 00:51:56.117326 INFO::Fitting model to feature number 38, Alkalibacter
2025-11-25 00:51:56.161482 INFO::Fitting model to feature number 39, Alkalibacterium
2025-11-25 00:51:56.197937 INFO::Fitting model to feature number 40, Alkaliphilus
2025-11-25 00:51:56.239933 INFO::Fitting model to feature number 41, Alkanindiges
2025-11-25 00:51:56.284349 INFO::Fitting model to feature number 42, Allobaculum
2025-11-25 00:51:56.327342 INFO::Fitting model to feature number 43, Alloiococcus
2025-11-25 00:51:56.367884 INFO::Fitting model to feature number 44, Alloscardovia
2025-11-25 00:51:56.411111 INFO::Fitting model to feature number 45, Altererythrobacter
2025-11-25 00:51:56.447987 INFO::Fitting model to feature number 46, Amaricoccus
2025-11-25 00:51:56.511909 INFO::Fitting model to feature number 47, Aminobacter
2025-11-25 00:51:56.551768 INFO::Fitting model to feature number 48, Ammoniphilus
2025-11-25 00:51:56.591758 INFO::Fitting model to feature number 49, Amnibacterium
2025-11-25 00:51:56.630241 INFO::Fitting model to feature number 50, Anaerococcus
2025-11-25 00:51:56.670337 INFO::Fitting model to feature number 51, Anoxybacillus
2025-11-25 00:51:56.709953 INFO::Fitting model to feature number 52, Aquabacterium
2025-11-25 00:51:56.771352 INFO::Fitting model to feature number 53, Arthrobacter
2025-11-25 00:51:56.811884 INFO::Fitting model to feature number 54, Bacillus
2025-11-25 00:51:56.851375 INFO::Fitting model to feature number 55, Bacteroides
2025-11-25 00:51:56.895174 INFO::Fitting model to feature number 56, Bifidobacterium
2025-11-25 00:51:56.936418 INFO::Fitting model to feature number 57, Blastococcus
2025-11-25 00:51:56.974055 INFO::Fitting model to feature number 58, Blautia
2025-11-25 00:51:57.014877 INFO::Fitting model to feature number 59, Bosea
2025-11-25 00:51:57.05449 INFO::Fitting model to feature number 60, Brachybacterium
2025-11-25 00:51:57.094007 INFO::Fitting model to feature number 61, Bradyrhizobium
2025-11-25 00:51:57.133516 INFO::Fitting model to feature number 62, Brevibacterium
2025-11-25 00:51:57.195683 INFO::Fitting model to feature number 63, Brevundimonas
2025-11-25 00:51:57.236723 INFO::Fitting model to feature number 64, Burkholderia
2025-11-25 00:51:57.277071 INFO::Fitting model to feature number 65, Campylobacter
2025-11-25 00:51:57.315984 INFO::Fitting model to feature number 66, Capnocytophaga
2025-11-25 00:51:57.356859 INFO::Fitting model to feature number 67, Caulobacter
2025-11-25 00:51:57.396038 INFO::Fitting model to feature number 68, Cellulomonas
2025-11-25 00:51:57.433963 INFO::Fitting model to feature number 69, Chryseobacterium
2025-11-25 00:51:57.472924 INFO::Fitting model to feature number 70, Cloacibacterium
2025-11-25 00:51:57.518559 INFO::Fitting model to feature number 71, Corynebacterium
2025-11-25 00:51:57.571054 INFO::Fitting model to feature number 72, Cupriavidus
2025-11-25 00:51:57.610956 INFO::Fitting model to feature number 73, Delftia
2025-11-25 00:51:57.648759 INFO::Fitting model to feature number 74, Devosia
2025-11-25 00:51:57.687542 INFO::Fitting model to feature number 75, Diaphorobacter
2025-11-25 00:51:57.724669 INFO::Fitting model to feature number 76, Dietzia
2025-11-25 00:51:57.763755 INFO::Fitting model to feature number 77, Enhydrobacter
2025-11-25 00:51:57.822107 INFO::Fitting model to feature number 78, Enterobacter
2025-11-25 00:51:57.867292 INFO::Fitting model to feature number 79, Enterococcus
2025-11-25 00:51:57.905562 INFO::Fitting model to feature number 80, Escherichia.Shigella
2025-11-25 00:51:57.945427 INFO::Fitting model to feature number 81, Faecalibacterium
2025-11-25 00:51:57.982231 INFO::Fitting model to feature number 82, Ferruginibacter
2025-11-25 00:51:58.025358 INFO::Fitting model to feature number 83, Finegoldia
2025-11-25 00:51:58.070151 INFO::Fitting model to feature number 84, Flavobacterium
2025-11-25 00:51:58.109826 INFO::Fitting model to feature number 85, Friedmanniella
2025-11-25 00:51:58.149902 INFO::Fitting model to feature number 86, Fusobacterium
2025-11-25 00:51:58.192477 INFO::Fitting model to feature number 87, Gardnerella
2025-11-25 00:51:58.254402 INFO::Fitting model to feature number 88, Gemella
2025-11-25 00:51:58.299123 INFO::Fitting model to feature number 89, Geobacillus
2025-11-25 00:51:58.341077 INFO::Fitting model to feature number 90, Gordonia
2025-11-25 00:51:58.378811 INFO::Fitting model to feature number 91, Granulicatella
2025-11-25 00:51:58.416779 INFO::Fitting model to feature number 92, Haemophilus
2025-11-25 00:51:58.459481 INFO::Fitting model to feature number 93, Halomonas
2025-11-25 00:51:58.521489 INFO::Fitting model to feature number 94, Hydrogenophaga
2025-11-25 00:51:58.563468 INFO::Fitting model to feature number 95, Janibacter
2025-11-25 00:51:58.603811 INFO::Fitting model to feature number 96, Janthinobacterium
2025-11-25 00:51:58.649596 INFO::Fitting model to feature number 97, Jeotgalicoccus
2025-11-25 00:51:58.691444 INFO::Fitting model to feature number 98, Kaistobacter
2025-11-25 00:51:58.734332 INFO::Fitting model to feature number 99, Klebsiella
2025-11-25 00:51:58.778961 INFO::Fitting model to feature number 100, Kocuria
2025-11-25 00:51:58.820339 INFO::Fitting model to feature number 101, Lachnoanaerobaculum
2025-11-25 00:51:58.865144 INFO::Fitting model to feature number 102, Lactobacillus
2025-11-25 00:51:58.904733 INFO::Fitting model to feature number 103, Lactococcus
2025-11-25 00:51:58.969299 INFO::Fitting model to feature number 104, Lautropia
2025-11-25 00:51:59.009588 INFO::Fitting model to feature number 105, Leptotrichia
2025-11-25 00:51:59.052082 INFO::Fitting model to feature number 106, Leuconostoc
2025-11-25 00:51:59.095428 INFO::Fitting model to feature number 107, Limnohabitans
2025-11-25 00:51:59.136681 INFO::Fitting model to feature number 108, Lysobacter
2025-11-25 00:51:59.176889 INFO::Fitting model to feature number 109, Marmoricola
2025-11-25 00:51:59.247221 INFO::Fitting model to feature number 110, Massilia
2025-11-25 00:51:59.298477 INFO::Fitting model to feature number 111, Mesorhizobium
2025-11-25 00:51:59.34455 INFO::Fitting model to feature number 112, Methylibium
2025-11-25 00:51:59.388304 INFO::Fitting model to feature number 113, Methylobacterium
2025-11-25 00:51:59.428961 INFO::Fitting model to feature number 114, Methyloversatilis
2025-11-25 00:51:59.469643 INFO::Fitting model to feature number 115, Microbacterium
2025-11-25 00:51:59.510564 INFO::Fitting model to feature number 116, Microbispora
2025-11-25 00:51:59.551468 INFO::Fitting model to feature number 117, Modestobacter
2025-11-25 00:51:59.59403 INFO::Fitting model to feature number 118, Moryella
2025-11-25 00:51:59.635744 INFO::Fitting model to feature number 119, Mycobacterium
2025-11-25 00:51:59.701411 INFO::Fitting model to feature number 120, Mycoplana
2025-11-25 00:51:59.746399 INFO::Fitting model to feature number 121, Neisseria
2025-11-25 00:51:59.787321 INFO::Fitting model to feature number 122, Nocardioides
2025-11-25 00:51:59.824762 INFO::Fitting model to feature number 123, Novosphingobium
2025-11-25 00:51:59.865297 INFO::Fitting model to feature number 124, Ochrobactrum
2025-11-25 00:51:59.914178 INFO::Fitting model to feature number 125, Paracoccus
2025-11-25 00:51:59.97835 INFO::Fitting model to feature number 126, Peptoniphilus
2025-11-25 00:52:00.020736 INFO::Fitting model to feature number 127, Porphyromonas
2025-11-25 00:52:00.068729 INFO::Fitting model to feature number 128, Prevotella
2025-11-25 00:52:00.111987 INFO::Fitting model to feature number 129, Propionibacterium
2025-11-25 00:52:00.152107 INFO::Fitting model to feature number 130, Pseudomonas
2025-11-25 00:52:00.195316 INFO::Fitting model to feature number 131, Pseudoxanthomonas
2025-11-25 00:52:00.234556 INFO::Fitting model to feature number 132, Ralstonia
2025-11-25 00:52:00.276579 INFO::Fitting model to feature number 133, Rhizobium
2025-11-25 00:52:00.316667 INFO::Fitting model to feature number 134, Rhodobacter
2025-11-25 00:52:00.357909 INFO::Fitting model to feature number 135, Rhodoplanes
2025-11-25 00:52:00.423708 INFO::Fitting model to feature number 136, Roseomonas
2025-11-25 00:52:00.463911 INFO::Fitting model to feature number 137, Rothia
2025-11-25 00:52:00.503559 INFO::Fitting model to feature number 138, Rubellimicrobium
2025-11-25 00:52:00.550774 INFO::Fitting model to feature number 139, Rubrivivax
2025-11-25 00:52:00.595216 INFO::Fitting model to feature number 140, Ruminococcus
2025-11-25 00:52:00.636043 INFO::Fitting model to feature number 141, Shewanella
2025-11-25 00:52:00.701815 INFO::Fitting model to feature number 142, Skermanella
2025-11-25 00:52:00.74212 INFO::Fitting model to feature number 143, Sphaerobacter
2025-11-25 00:52:00.785686 INFO::Fitting model to feature number 144, Sphingobacterium
2025-11-25 00:52:00.82733 INFO::Fitting model to feature number 145, Sphingobium
2025-11-25 00:52:00.869346 INFO::Fitting model to feature number 146, Sphingomonas
2025-11-25 00:52:00.912554 INFO::Fitting model to feature number 147, Staphylococcus
2025-11-25 00:52:00.954378 INFO::Fitting model to feature number 148, Stenotrophomonas
2025-11-25 00:52:01.015391 INFO::Fitting model to feature number 149, Streptococcus
2025-11-25 00:52:01.059534 INFO::Fitting model to feature number 150, Streptomyces
2025-11-25 00:52:01.103578 INFO::Fitting model to feature number 151, Tepidimonas
2025-11-25 00:52:01.146107 INFO::Fitting model to feature number 152, Unknown.genus1
2025-11-25 00:52:01.196468 INFO::Fitting model to feature number 153, Unknown.genus116
2025-11-25 00:52:01.249455 INFO::Fitting model to feature number 154, Unknown.genus123
2025-11-25 00:52:01.290598 INFO::Fitting model to feature number 155, Unknown.genus125
2025-11-25 00:52:01.333855 INFO::Fitting model to feature number 156, Unknown.genus20
2025-11-25 00:52:01.393696 INFO::Fitting model to feature number 157, Unknown.genus24
2025-11-25 00:52:01.443796 INFO::Fitting model to feature number 158, Unknown.genus3
2025-11-25 00:52:01.483805 INFO::Fitting model to feature number 159, Unknown.genus3160
2025-11-25 00:52:01.527552 INFO::Fitting model to feature number 160, Unknown.genus340
2025-11-25 00:52:01.572737 INFO::Fitting model to feature number 161, Unknown.genus35
2025-11-25 00:52:01.635666 INFO::Fitting model to feature number 162, Unknown.genus36
2025-11-25 00:52:01.68263 INFO::Fitting model to feature number 163, Unknown.genus39
2025-11-25 00:52:01.729431 INFO::Fitting model to feature number 164, Unknown.genus41
2025-11-25 00:52:01.769966 INFO::Fitting model to feature number 165, Unknown.genus44
2025-11-25 00:52:01.809247 INFO::Fitting model to feature number 166, Unknown.genus476
2025-11-25 00:52:01.850887 INFO::Fitting model to feature number 167, Unknown.genus5
2025-11-25 00:52:01.888699 INFO::Fitting model to feature number 168, Unknown.genus6
2025-11-25 00:52:01.931947 INFO::Fitting model to feature number 169, Veillonella
2025-11-25 00:52:01.978426 INFO::Fitting model to feature number 170, Wautersiella
2025-11-25 00:52:02.021315 INFO::Fitting model to feature number 171, Weissella
2025-11-25 00:52:02.062741 INFO::Fitting model to feature number 172, Xanthomonas
2025-11-25 00:52:02.144351 INFO::Counting total values for each feature
2025-11-25 00:52:02.156562 INFO::Writing filtered data to file differential_abundance_prev5_imputed/Maaslin2/features/filtered_data.tsv
2025-11-25 00:52:02.259095 INFO::Writing filtered, normalized data to file differential_abundance_prev5_imputed/Maaslin2/features/filtered_data_norm.tsv
2025-11-25 00:52:02.352687 INFO::Writing filtered, normalized, transformed data to file differential_abundance_prev5_imputed/Maaslin2/features/filtered_data_norm_transformed.tsv
2025-11-25 00:52:02.491567 INFO::Writing residuals to file differential_abundance_prev5_imputed/Maaslin2/fits/residuals.rds
2025-11-25 00:52:02.517032 INFO::Writing fitted values to file differential_abundance_prev5_imputed/Maaslin2/fits/fitted.rds
2025-11-25 00:52:02.53954 INFO::Writing extracted random effects to file differential_abundance_prev5_imputed/Maaslin2/fits/ranef.rds
2025-11-25 00:52:02.558073 INFO::Writing all results to file (ordered by increasing q-values): differential_abundance_prev5_imputed/Maaslin2/all_results.tsv
2025-11-25 00:52:02.571383 INFO::Writing the significant results (those which are less than or equal to the threshold of 1.000000 ) to file (ordered by increasing q-values): differential_abundance_prev5_imputed/Maaslin2/significant_results.tsv
2025-11-25 00:52:02.585263 INFO::Writing heatmap of significant results to file: differential_abundance_prev5_imputed/Maaslin2/heatmap.pdf
2025-11-25 00:52:02.594807 INFO::Writing association plots (one for each significant association) to output folder: differential_abundance_prev5_imputed/Maaslin2
2025-11-25 00:52:02.604015 INFO::Plotting associations from most to least significant, grouped by metadata
2025-11-25 00:52:02.609601 INFO::Plotting data for metadata number 1, Group
2025-11-25 00:52:02.637705 INFO::Creating boxplot for categorical data, Group vs Actinobacillus
2025-11-25 00:52:02.967337 INFO::Creating boxplot for categorical data, Group vs Bacillus
2025-11-25 00:52:03.17288 INFO::Creating boxplot for categorical data, Group vs Devosia
2025-11-25 00:52:03.349657 INFO::Creating boxplot for categorical data, Group vs Enterococcus
2025-11-25 00:52:03.539144 INFO::Creating boxplot for categorical data, Group vs Ammoniphilus
2025-11-25 00:52:03.751058 INFO::Creating boxplot for categorical data, Group vs Ferruginibacter
2025-11-25 00:52:03.925424 INFO::Creating boxplot for categorical data, Group vs Actinomadura
2025-11-25 00:52:04.109752 INFO::Creating boxplot for categorical data, Group vs Alkanindiges
2025-11-25 00:52:04.284878 INFO::Creating boxplot for categorical data, Group vs Bacteroides
2025-11-25 00:52:04.465113 INFO::Creating boxplot for categorical data, Group vs Bifidobacterium
2025-11-25 00:52:04.671505 INFO::Creating boxplot for categorical data, Group vs Brachybacterium
2025-11-25 00:52:04.859008 INFO::Creating boxplot for categorical data, Group vs Friedmanniella
2025-11-25 00:52:05.059138 INFO::Creating boxplot for categorical data, Group vs Janibacter
2025-11-25 00:52:05.233213 INFO::Creating boxplot for categorical data, Group vs Lachnoanaerobaculum
2025-11-25 00:52:05.422855 INFO::Creating boxplot for categorical data, Group vs Lysobacter
2025-11-25 00:52:05.590489 INFO::Creating boxplot for categorical data, Group vs Marmoricola
2025-11-25 00:52:05.771351 INFO::Creating boxplot for categorical data, Group vs Skermanella
2025-11-25 00:52:05.973156 INFO::Creating boxplot for categorical data, Group vs Sphingobium
2025-11-25 00:52:06.14818 INFO::Creating boxplot for categorical data, Group vs Unknown.genus24
2025-11-25 00:52:06.387954 INFO::Creating boxplot for categorical data, Group vs Unknown.genus44
2025-11-25 00:52:06.55511 INFO::Creating boxplot for categorical data, Group vs Actinopolymorpha
2025-11-25 00:52:06.723045 INFO::Creating boxplot for categorical data, Group vs Aeromonas
2025-11-25 00:52:06.928907 INFO::Creating boxplot for categorical data, Group vs Rothia
2025-11-25 00:52:07.099901 INFO::Creating boxplot for categorical data, Group vs Acetobacter
2025-11-25 00:52:07.292379 INFO::Creating boxplot for categorical data, Group vs Actinoplanes
2025-11-25 00:52:07.458605 INFO::Creating boxplot for categorical data, Group vs Agromyces
2025-11-25 00:52:07.654448 INFO::Creating boxplot for categorical data, Group vs Alloscardovia
2025-11-25 00:52:07.826316 INFO::Creating boxplot for categorical data, Group vs Corynebacterium
2025-11-25 00:52:07.999576 INFO::Creating boxplot for categorical data, Group vs Escherichia.Shigella
2025-11-25 00:52:08.1959 INFO::Creating boxplot for categorical data, Group vs Lactococcus
2025-11-25 00:52:08.361676 INFO::Creating boxplot for categorical data, Group vs Methylobacterium
2025-11-25 00:52:08.572006 INFO::Creating boxplot for categorical data, Group vs Microbacterium
2025-11-25 00:52:08.738187 INFO::Creating boxplot for categorical data, Group vs Ochrobactrum
2025-11-25 00:52:08.916969 INFO::Creating boxplot for categorical data, Group vs Wautersiella
2025-11-25 00:52:09.091482 INFO::Creating boxplot for categorical data, Group vs Alkaliphilus
2025-11-25 00:52:09.25526 INFO::Creating boxplot for categorical data, Group vs Methyloversatilis
2025-11-25 00:52:09.444197 INFO::Creating boxplot for categorical data, Group vs Rhizobium
2025-11-25 00:52:09.605306 INFO::Creating boxplot for categorical data, Group vs Veillonella
2025-11-25 00:52:09.809939 INFO::Creating boxplot for categorical data, Group vs Capnocytophaga
2025-11-25 00:52:09.975434 INFO::Creating boxplot for categorical data, Group vs Alloiococcus
2025-11-25 00:52:10.171487 INFO::Creating boxplot for categorical data, Group vs Unknown.genus6
2025-11-25 00:52:10.352334 INFO::Creating boxplot for categorical data, Group vs Aeromicrobium
2025-11-25 00:52:10.516921 INFO::Creating boxplot for categorical data, Group vs Aequorivita
2025-11-25 00:52:10.705879 INFO::Creating boxplot for categorical data, Group vs Propionibacterium
2025-11-25 00:52:10.88498 INFO::Creating boxplot for categorical data, Group vs Flavobacterium
2025-11-25 00:52:11.077591 INFO::Creating boxplot for categorical data, Group vs Leuconostoc
2025-11-25 00:52:11.24774 INFO::Creating boxplot for categorical data, Group vs X5.7N15
2025-11-25 00:52:11.432276 INFO::Creating boxplot for categorical data, Group vs Actinomyces
2025-11-25 00:52:11.603509 INFO::Creating boxplot for categorical data, Group vs Afifella
2025-11-25 00:52:11.774249 INFO::Creating boxplot for categorical data, Group vs Afipia
2025-11-25 00:52:11.985552 INFO::Creating boxplot for categorical data, Group vs Akkermansia
2025-11-25 00:52:12.151054 INFO::Creating boxplot for categorical data, Group vs Alkalibacter
2025-11-25 00:52:12.345991 INFO::Creating boxplot for categorical data, Group vs Amnibacterium
2025-11-25 00:52:12.520437 INFO::Creating boxplot for categorical data, Group vs Anoxybacillus
2025-11-25 00:52:12.712889 INFO::Creating boxplot for categorical data, Group vs Arthrobacter
2025-11-25 00:52:12.879568 INFO::Creating boxplot for categorical data, Group vs Bradyrhizobium
2025-11-25 00:52:13.077186 INFO::Creating boxplot for categorical data, Group vs Caulobacter
2025-11-25 00:52:13.245439 INFO::Creating boxplot for categorical data, Group vs Cupriavidus
2025-11-25 00:52:13.434839 INFO::Creating boxplot for categorical data, Group vs Faecalibacterium
2025-11-25 00:52:13.599216 INFO::Creating boxplot for categorical data, Group vs Geobacillus
2025-11-25 00:52:13.768174 INFO::Creating boxplot for categorical data, Group vs Halomonas
2025-11-25 00:52:13.960734 INFO::Creating boxplot for categorical data, Group vs Klebsiella
2025-11-25 00:52:14.127295 INFO::Creating boxplot for categorical data, Group vs Lactobacillus
2025-11-25 00:52:14.317759 INFO::Creating boxplot for categorical data, Group vs Lautropia
2025-11-25 00:52:14.485278 INFO::Creating boxplot for categorical data, Group vs Leptotrichia
2025-11-25 00:52:14.67163 INFO::Creating boxplot for categorical data, Group vs Neisseria
2025-11-25 00:52:14.837851 INFO::Creating boxplot for categorical data, Group vs Pseudomonas
2025-11-25 00:52:15.085066 INFO::Creating boxplot for categorical data, Group vs Pseudoxanthomonas
2025-11-25 00:52:15.259893 INFO::Creating boxplot for categorical data, Group vs Rhodobacter
2025-11-25 00:52:15.457121 INFO::Creating boxplot for categorical data, Group vs Staphylococcus
2025-11-25 00:52:15.647674 INFO::Creating boxplot for categorical data, Group vs Unknown.genus3
2025-11-25 00:52:15.819191 INFO::Creating boxplot for categorical data, Group vs Unknown.genus35
2025-11-25 00:52:16.021625 INFO::Creating boxplot for categorical data, Group vs Unknown.genus36
2025-11-25 00:52:16.195979 INFO::Creating boxplot for categorical data, Group vs Unknown.genus39
2025-11-25 00:52:16.400455 INFO::Creating boxplot for categorical data, Group vs Unknown.genus41
2025-11-25 00:52:16.573875 INFO::Creating boxplot for categorical data, Group vs Unknown.genus476
2025-11-25 00:52:16.749933 INFO::Creating boxplot for categorical data, Group vs Xanthomonas
2025-11-25 00:52:16.954183 INFO::Creating boxplot for categorical data, Group vs Jeotgalicoccus
2025-11-25 00:52:17.124825 INFO::Creating boxplot for categorical data, Group vs Kaistobacter
2025-11-25 00:52:17.326984 INFO::Creating boxplot for categorical data, Group vs Alicyclobacillus
2025-11-25 00:52:17.499168 INFO::Creating boxplot for categorical data, Group vs Actinobaculum
2025-11-25 00:52:17.689642 INFO::Creating boxplot for categorical data, Group vs Actinomycetospora
2025-11-25 00:52:17.873974 INFO::Creating boxplot for categorical data, Group vs Acetobacterium
2025-11-25 00:52:18.050606 INFO::Creating boxplot for categorical data, Group vs Aminobacter
2025-11-25 00:52:18.253747 INFO::Creating boxplot for categorical data, Group vs Porphyromonas
2025-11-25 00:52:18.429953 INFO::Creating boxplot for categorical data, Group vs Acinetobacter
2025-11-25 00:52:18.633937 INFO::Creating boxplot for categorical data, Group vs Granulicatella
2025-11-25 00:52:18.811702 INFO::Creating boxplot for categorical data, Group vs Achromobacter
2025-11-25 00:52:19.042353 INFO::Creating boxplot for categorical data, Group vs Aquabacterium
2025-11-25 00:52:19.219557 INFO::Creating boxplot for categorical data, Group vs Campylobacter
2025-11-25 00:52:19.388003 INFO::Creating boxplot for categorical data, Group vs Finegoldia
2025-11-25 00:52:19.592273 INFO::Creating boxplot for categorical data, Group vs Hydrogenophaga
2025-11-25 00:52:19.765976 INFO::Creating boxplot for categorical data, Group vs Mesorhizobium
2025-11-25 00:52:19.974128 INFO::Creating boxplot for categorical data, Group vs Stenotrophomonas
2025-11-25 00:52:20.155035 INFO::Creating boxplot for categorical data, Group vs Streptomyces
2025-11-25 00:52:20.355739 INFO::Creating boxplot for categorical data, Group vs Unknown.genus20
2025-11-25 00:52:20.522369 INFO::Creating boxplot for categorical data, Group vs Abiotrophia
2025-11-25 00:52:20.719282 INFO::Creating boxplot for categorical data, Group vs Gardnerella
2025-11-25 00:52:20.903957 INFO::Creating boxplot for categorical data, Group vs Mycobacterium
2025-11-25 00:52:21.075115 INFO::Creating boxplot for categorical data, Group vs Rubrivivax
2025-11-25 00:52:21.289397 INFO::Creating boxplot for categorical data, Group vs Unknown.genus340
2025-11-25 00:52:21.458802 INFO::Creating boxplot for categorical data, Group vs Cloacibacterium
2025-11-25 00:52:21.673113 INFO::Creating boxplot for categorical data, Group vs Burkholderia
2025-11-25 00:52:21.845468 INFO::Creating boxplot for categorical data, Group vs Alcanivorax
2025-11-25 00:52:22.047932 INFO::Creating boxplot for categorical data, Group vs Algoriphagus
2025-11-25 00:52:22.229988 INFO::Creating boxplot for categorical data, Group vs A17
2025-11-25 00:52:22.433241 INFO::Creating boxplot for categorical data, Group vs Acetivibrio
2025-11-25 00:52:22.632839 INFO::Creating boxplot for categorical data, Group vs Alcaligenes
2025-11-25 00:52:22.836636 INFO::Creating boxplot for categorical data, Group vs Alistipes
2025-11-25 00:52:23.021709 INFO::Creating boxplot for categorical data, Group vs Altererythrobacter
2025-11-25 00:52:23.203546 INFO::Creating boxplot for categorical data, Group vs Amaricoccus
2025-11-25 00:52:23.391179 INFO::Creating boxplot for categorical data, Group vs Blastococcus
2025-11-25 00:52:23.563918 INFO::Creating boxplot for categorical data, Group vs Bosea
2025-11-25 00:52:23.780088 INFO::Creating boxplot for categorical data, Group vs Cellulomonas
2025-11-25 00:52:23.953363 INFO::Creating boxplot for categorical data, Group vs Enhydrobacter
2025-11-25 00:52:24.767554 INFO::Creating boxplot for categorical data, Group vs Ralstonia
2025-11-25 00:52:24.927786 INFO::Creating boxplot for categorical data, Group vs Roseomonas
2025-11-25 00:52:25.093574 INFO::Creating boxplot for categorical data, Group vs Rubellimicrobium
2025-11-25 00:52:25.266155 INFO::Creating boxplot for categorical data, Group vs Unknown.genus123
2025-11-25 00:52:25.428458 INFO::Creating boxplot for categorical data, Group vs Unknown.genus5
2025-11-25 00:52:25.599823 INFO::Creating boxplot for categorical data, Group vs Weissella
2025-11-25 00:52:25.758879 INFO::Creating boxplot for categorical data, Group vs Aeribacillus
2025-11-25 00:52:25.92092 INFO::Creating boxplot for categorical data, Group vs Agrobacterium
2025-11-25 00:52:26.108555 INFO::Creating boxplot for categorical data, Group vs Blautia
2025-11-25 00:52:26.270904 INFO::Creating boxplot for categorical data, Group vs Brevibacterium
2025-11-25 00:52:26.432624 INFO::Creating boxplot for categorical data, Group vs Kocuria
2025-11-25 00:52:26.629069 INFO::Creating boxplot for categorical data, Group vs Limnohabitans
2025-11-25 00:52:26.787954 INFO::Creating boxplot for categorical data, Group vs Novosphingobium
2025-11-25 00:52:26.949104 INFO::Creating boxplot for categorical data, Group vs Rhodoplanes
2025-11-25 00:52:27.12792 INFO::Creating boxplot for categorical data, Group vs Sphaerobacter
2025-11-25 00:52:27.294536 INFO::Creating boxplot for categorical data, Group vs Unknown.genus3160
2025-11-25 00:52:27.469298 INFO::Creating boxplot for categorical data, Group vs Delftia
2025-11-25 00:52:27.652581 INFO::Creating boxplot for categorical data, Group vs Gordonia
2025-11-25 00:52:27.83383 INFO::Creating boxplot for categorical data, Group vs Alishewanella
2025-11-25 00:52:28.056099 INFO::Creating boxplot for categorical data, Group vs Aliidiomarina
2025-11-25 00:52:28.245184 INFO::Creating boxplot for categorical data, Group vs Gemella
2025-11-25 00:52:28.417094 INFO::Creating boxplot for categorical data, Group vs Haemophilus
2025-11-25 00:52:28.585611 INFO::Creating boxplot for categorical data, Group vs Acidovorax
2025-11-25 00:52:28.763807 INFO::Creating boxplot for categorical data, Group vs Paracoccus
2025-11-25 00:52:28.954512 INFO::Creating boxplot for categorical data, Group vs Aerococcus
2025-11-25 00:52:29.135539 INFO::Creating boxplot for categorical data, Group vs Anaerococcus
2025-11-25 00:52:29.313524 INFO::Creating boxplot for categorical data, Group vs Methylibium
2025-11-25 00:52:29.485014 INFO::Creating boxplot for categorical data, Group vs Nocardioides
2025-11-25 00:52:29.648726 INFO::Creating boxplot for categorical data, Group vs Mycoplana
2025-11-25 00:52:29.819949 INFO::Creating boxplot for categorical data, Group vs Aggregatibacter
2025-11-25 00:52:30.048867 INFO::Creating boxplot for categorical data, Group vs Allobaculum
2025-11-25 00:52:30.235846 INFO::Creating boxplot for categorical data, Group vs Brevundimonas
2025-11-25 00:52:30.413725 INFO::Creating boxplot for categorical data, Group vs Janthinobacterium
2025-11-25 00:52:30.571133 INFO::Creating boxplot for categorical data, Group vs Massilia
2025-11-25 00:52:30.737052 INFO::Creating boxplot for categorical data, Group vs Moryella
2025-11-25 00:52:30.930224 INFO::Creating boxplot for categorical data, Group vs Sphingomonas
2025-11-25 00:52:31.087819 INFO::Creating boxplot for categorical data, Group vs Streptococcus
2025-11-25 00:52:31.300625 INFO::Creating boxplot for categorical data, Group vs Unknown.genus1
2025-11-25 00:52:31.471188 INFO::Creating boxplot for categorical data, Group vs Acidaminococcus
2025-11-25 00:52:31.642247 INFO::Creating boxplot for categorical data, Group vs Agrococcus
2025-11-25 00:52:31.8183 INFO::Creating boxplot for categorical data, Group vs Alkalibacterium
2025-11-25 00:52:31.976732 INFO::Creating boxplot for categorical data, Group vs Diaphorobacter
2025-11-25 00:52:32.152843 INFO::Creating boxplot for categorical data, Group vs Enterobacter
2025-11-25 00:52:32.328976 INFO::Creating boxplot for categorical data, Group vs Fusobacterium
2025-11-25 00:52:32.495871 INFO::Creating boxplot for categorical data, Group vs Ruminococcus
2025-11-25 00:52:32.671294 INFO::Creating boxplot for categorical data, Group vs Tepidimonas
2025-11-25 00:52:32.837043 INFO::Creating boxplot for categorical data, Group vs Unknown.genus116
2025-11-25 00:52:33.003325 INFO::Creating boxplot for categorical data, Group vs Adhaeribacter
2025-11-25 00:52:33.179827 INFO::Creating boxplot for categorical data, Group vs Chryseobacterium
2025-11-25 00:52:33.367554 INFO::Creating boxplot for categorical data, Group vs Dietzia
2025-11-25 00:52:33.544289 INFO::Creating boxplot for categorical data, Group vs Microbispora
2025-11-25 00:52:33.712798 INFO::Creating boxplot for categorical data, Group vs Modestobacter
2025-11-25 00:52:33.876804 INFO::Creating boxplot for categorical data, Group vs Peptoniphilus
2025-11-25 00:52:34.049346 INFO::Creating boxplot for categorical data, Group vs Prevotella
2025-11-25 00:52:34.216315 INFO::Creating boxplot for categorical data, Group vs Shewanella
2025-11-25 00:52:34.443771 INFO::Creating boxplot for categorical data, Group vs Sphingobacterium
2025-11-25 00:52:34.612328 INFO::Creating boxplot for categorical data, Group vs Unknown.genus125
